This is pdfTeX, Version 3.14159265-2.6-1.40.20 (MiKTeX 2.9.7250 64-bit) (preloaded format=pdflatex 2020.5.6)  6 MAY 2020 08:19
entering extended mode
**./Main.tex
(Main.tex
LaTeX2e <2019-10-01> patch level 3
("C:\Program Files\MiKTeX 2.9\tex/latex/base\report.cls"
Document Class: report 2019/10/25 v1.4k Standard LaTeX document class
("C:\Program Files\MiKTeX 2.9\tex/latex/base\size11.clo"
File: size11.clo 2019/10/25 v1.4k Standard LaTeX file (size option)
)
\c@part=\count80
\c@chapter=\count81
\c@section=\count82
\c@subsection=\count83
\c@subsubsection=\count84
\c@paragraph=\count85
\c@subparagraph=\count86
\c@figure=\count87
\c@table=\count88
\abovecaptionskip=\skip41
\belowcaptionskip=\skip42
\bibindent=\dimen102
) (structure.tex
("C:\Program Files\MiKTeX 2.9\tex/latex/classicthesis\classicthesis.sty"
Package: classicthesis 2018/06/03 v4.6 Typographic style for a classic-looking thesis

("C:\Program Files\MiKTeX 2.9\tex/latex/base\ifthen.sty"
Package: ifthen 2014/09/29 v1.1c Standard LaTeX ifthen package (DPC)
) ("C:\Program Files\MiKTeX 2.9\tex/latex/kvoptions\kvoptions.sty"
Package: kvoptions 2019/11/29 v3.13 Key value format for package options (HO)
 ("C:\Program Files\MiKTeX 2.9\tex/latex/graphics\keyval.sty"
Package: keyval 2014/10/28 v1.15 key=value parser (DPC)
\KV@toks@=\toks14
)
("C:\Program Files\MiKTeX 2.9\tex/generic/ltxcmds\ltxcmds.sty"
Package: ltxcmds 2019/12/15 v1.24 LaTeX kernel commands for general use (HO)
)
("C:\Program Files\MiKTeX 2.9\tex/generic/kvsetkeys\kvsetkeys.sty"
Package: kvsetkeys 2019/12/15 v1.18 Key value parser (HO)
))

Package classicthesis Warning: Chapter sectioning command not present in this document class. Deactivating options float
perchapter, linedheaders, manychapters, listsseparated, eulerchapternumbers.

("C:\Program Files\MiKTeX 2.9\tex/generic/iftex\ifpdf.sty"
Package: ifpdf 2019/10/25 v3.4 ifpdf legacy package. Use iftex instead.
 ("C:\Program Files\MiKTeX 2.9\tex/generic/iftex\iftex.sty"
Package: iftex 2019/11/07 v1.0c TeX engine tests
))
("C:\Program Files\MiKTeX 2.9\tex/generic/iftex\ifxetex.sty"
Package: ifxetex 2019/10/25 v0.7 ifxetex legacy package. Use iftex instead.
)
("C:\Program Files\MiKTeX 2.9\tex/generic/iftex\ifluatex.sty"
Package: ifluatex 2019/10/25 v1.5 ifluatex legacy package. Use iftex instead.
) ("C:\Program Files\MiKTeX 2.9\tex/latex/xcolor\xcolor.sty"
Package: xcolor 2016/05/11 v2.12 LaTeX color extensions (UK)
 ("C:\Program Files\MiKTeX 2.9\tex/latex/graphics-cfg\color.cfg"
File: color.cfg 2016/01/02 v1.6 sample color configuration
)
Package xcolor Info: Driver file: pdftex.def on input line 225.

("C:\Program Files\MiKTeX 2.9\tex/latex/graphics-def\pdftex.def"
File: pdftex.def 2018/01/08 v1.0l Graphics/color driver for pdftex
)
Package xcolor Info: Model `cmy' substituted by `cmy0' on input line 1348.
Package xcolor Info: Model `hsb' substituted by `rgb' on input line 1352.
Package xcolor Info: Model `RGB' extended on input line 1364.
Package xcolor Info: Model `HTML' substituted by `rgb' on input line 1366.
Package xcolor Info: Model `Hsb' substituted by `hsb' on input line 1367.
Package xcolor Info: Model `tHsb' substituted by `hsb' on input line 1368.
Package xcolor Info: Model `HSB' substituted by `hsb' on input line 1369.
Package xcolor Info: Model `Gray' substituted by `gray' on input line 1370.
Package xcolor Info: Model `wave' substituted by `hsb' on input line 1371.

("C:\Program Files\MiKTeX 2.9\tex/latex/graphics\dvipsnam.def"
File: dvipsnam.def 2016/06/17 v3.0m Driver-dependent file (DPC,SPQR)
))
("C:\Program Files\MiKTeX 2.9\tex/latex/psnfss\mathpazo.sty"
Package: mathpazo 2020/03/25 PSNFSS-v9.3 Palatino w/ Pazo Math (D.Puga, WaS) 
\symupright=\mathgroup4
) ("C:\Program Files\MiKTeX 2.9\tex/latex/bera\beramono.sty"
Package: beramono 2004/01/31 (WaS)
) ("C:\Program Files\MiKTeX 2.9\tex/latex/eulervm\eulervm.sty"
Package: eulervm 2005/01/11 v4.0 (WaS)
)
LaTeX Font Info:    Trying to load font information for T1+pplj on input line 202.
 ("C:\Program Files\MiKTeX 2.9\tex/latex/psnfss\t1pplj.fd"
File: t1pplj.fd 2004/09/06 font definitions for T1/pplj.
) ("C:\Program Files\MiKTeX 2.9\tex/latex/microtype\microtype.sty"
Package: microtype 2019/11/18 v2.7d Micro-typographical refinements (RS)
\MT@toks=\toks15
\MT@count=\count89
LaTeX Info: Redefining \textls on input line 790.
\MT@outer@kern=\dimen103
LaTeX Info: Redefining \textmicrotypecontext on input line 1354.
\MT@listname@count=\count90

("C:\Program Files\MiKTeX 2.9\tex/latex/microtype\microtype-pdftex.def"
File: microtype-pdftex.def 2019/11/18 v2.7d Definitions specific to pdftex (RS)
LaTeX Info: Redefining \lsstyle on input line 914.
LaTeX Info: Redefining \lslig on input line 914.
\MT@outer@space=\skip43
)
Package microtype Info: Loading configuration file microtype.cfg.

("C:\Program Files\MiKTeX 2.9\tex/latex/microtype\microtype.cfg"
File: microtype.cfg 2019/11/18 v2.7d microtype main configuration file (RS)
))
("C:\Program Files\MiKTeX 2.9\tex/latex/koma-script\typearea.sty"
Package: typearea 2020/04/19 v3.30 KOMA-Script package (type area)

("C:\Program Files\MiKTeX 2.9\tex/latex/koma-script\scrkbase.sty"
Package: scrkbase 2020/04/19 v3.30 KOMA-Script package (KOMA-Script-dependent basics and keyval usage)

("C:\Program Files\MiKTeX 2.9\tex/latex/koma-script\scrbase.sty"
Package: scrbase 2020/04/19 v3.30 KOMA-Script package (KOMA-Script-independent basics and keyval usage)

("C:\Program Files\MiKTeX 2.9\tex/latex/koma-script\scrlfile.sty"
Package: scrlfile 2020/04/19 v3.30 KOMA-Script package (loading files)
)))
\ta@bcor=\skip44
\ta@div=\count91
Package typearea Info: You've used standard option `a4paper'.
(typearea)             This is correct!
(typearea)             Internally I'm using `paper=a4'.
(typearea)             If you'd like to set the option with \KOMAoptions,
(typearea)             you'd have to use `paper=a4' there
(typearea)             instead of `a4paper', too.
Package typearea Info: You've used standard option `oneside'.
(typearea)             This is correct!
(typearea)             Internally I'm using `twoside=false'.
(typearea)             If you'd like to set the option with \KOMAoptions,
(typearea)             you'd have to use `twoside=false' there
(typearea)             instead of `oneside', too.
\ta@hblk=\skip45
\ta@vblk=\skip46
\ta@temp=\skip47
\footheight=\skip48
LaTeX Font Info:    Trying to load font information for OT1+pplj on input line 1738.

("C:\Program Files\MiKTeX 2.9\tex/latex/psnfss\ot1pplj.fd"
File: ot1pplj.fd 2004/09/06 font definitions for OT1/pplj.
)
Package typearea Info: These are the values describing the layout:
(typearea)             DIV  = 10
(typearea)             BCOR = 0.0pt
(typearea)             \paperwidth      = 597.50793pt
(typearea)              \textwidth      = 418.25555pt
(typearea)              DIV departure   = -2%
(typearea)              \evensidemargin = 17.3562pt
(typearea)              \oddsidemargin  = 17.3562pt
(typearea)             \paperheight     = 845.04694pt
(typearea)              \textheight     = 510.80156pt
(typearea)              \topmargin      = 12.2347pt
(typearea)              \headheight     = 17.85005pt
(typearea)              \headsep        = 21.42006pt
(typearea)              \topskip        = 11.0pt
(typearea)              \footskip       = 49.98015pt
(typearea)              \baselineskip   = 14.28004pt
(typearea)              on input line 1738.
)
Package classicthesis Info: A4 paper, Palatino or other on input line 251.
Package typearea Info: These are the values describing the layout:
(typearea)             DIV  = areaset
(typearea)             BCOR = 0.0pt
(typearea)             \paperwidth      = 597.50793pt
(typearea)              \textwidth      = 336.0pt
(typearea)              \evensidemargin = 58.48398pt
(typearea)              \oddsidemargin  = 58.48398pt
(typearea)             \paperheight     = 845.04694pt
(typearea)              \textheight     = 662.6498pt
(typearea)              \topmargin      = -40.58768pt
(typearea)              \headheight     = 15.95pt
(typearea)              \headsep        = 21.42006pt
(typearea)              \topskip        = 11.0pt
(typearea)              \footskip       = 49.98015pt
(typearea)              \baselineskip   = 14.28004pt
(typearea)              on input line 251.

("C:\Program Files\MiKTeX 2.9\tex/latex/mparhack\mparhack.sty"
Package: mparhack 2005/04/17 v1.4 (T. Sgouros and S. Ulrich)
) (booktabs.sty
Package: booktabs 2005/04/14 v1.61803 publication quality tables
\heavyrulewidth=\dimen104
\lightrulewidth=\dimen105
\cmidrulewidth=\dimen106
\belowrulesep=\dimen107
\belowbottomsep=\dimen108
\aboverulesep=\dimen109
\abovetopsep=\dimen110
\cmidrulesep=\dimen111
\cmidrulekern=\dimen112
\defaultaddspace=\dimen113
\@cmidla=\count92
\@cmidlb=\count93
\@aboverulesep=\dimen114
\@belowrulesep=\dimen115
\@thisruleclass=\count94
\@lastruleclass=\count95
\@thisrulewidth=\dimen116
)
("C:\Program Files\MiKTeX 2.9\tex/latex/textcase\textcase.sty"
Package: textcase 2019/09/14 v1.00 Text only upper/lower case changing (DPC)
)
Package classicthesis Info: Using microtype for character spacing.Make sure your pdflatex is version 1.40 or higher. on 
input line 321.

("C:\Program Files\MiKTeX 2.9\tex/latex/koma-script\scrlayer-scrpage.sty"
Package: scrlayer-scrpage 2020/04/19 v3.30 KOMA-Script package (end user interface for scrlayer)

("C:\Program Files\MiKTeX 2.9\tex/latex/koma-script\scrlayer.sty"
Package: scrlayer 2020/04/19 v3.30 KOMA-Script package (defining layers and page styles)
Package scrlayer Info: Using already defined \footheight
(scrlayer)             hoping, that this is a length and
(scrlayer)             not only a macro on input line 109.
Package scrlayer Info: patching LaTeX kernel macro \pagestyle on input line 2106.
))
Package scrlayer-scrpage Info: auto-selection of `pagestyleset=standard'.

1: section
1: chapter
1: chapter
1: section
("C:\Program Files\MiKTeX 2.9\tex/latex/titlesec\titlesec.sty"
Package: titlesec 2019/10/16 v2.13 Sectioning titles
\ttl@box=\box27
\beforetitleunit=\skip49
\aftertitleunit=\skip50
\ttl@plus=\dimen117
\ttl@minus=\dimen118
\ttl@toksa=\toks16
\titlewidth=\dimen119
\titlewidthlast=\dimen120
\titlewidthfirst=\dimen121
)
("C:\Program Files\MiKTeX 2.9\tex/latex/tocloft\tocloft.sty"
Package: tocloft 2017/08/31 v2.3i parameterised ToC, etc., typesetting
Package tocloft Info: The document has chapter divisions on input line 51.
\cftparskip=\skip51
\cftbeforetoctitleskip=\skip52
\cftaftertoctitleskip=\skip53
\cftbeforepartskip=\skip54
\cftpartnumwidth=\skip55
\cftpartindent=\skip56
\cftbeforechapskip=\skip57
\cftchapindent=\skip58
\cftchapnumwidth=\skip59
\cftbeforesecskip=\skip60
\cftsecindent=\skip61
\cftsecnumwidth=\skip62
\cftbeforesubsecskip=\skip63
\cftsubsecindent=\skip64
\cftsubsecnumwidth=\skip65
\cftbeforesubsubsecskip=\skip66
\cftsubsubsecindent=\skip67
\cftsubsubsecnumwidth=\skip68
\cftbeforeparaskip=\skip69
\cftparaindent=\skip70
\cftparanumwidth=\skip71
\cftbeforesubparaskip=\skip72
\cftsubparaindent=\skip73
\cftsubparanumwidth=\skip74
\cftbeforeloftitleskip=\skip75
\cftafterloftitleskip=\skip76
\cftbeforefigskip=\skip77
\cftfigindent=\skip78
\cftfignumwidth=\skip79
\c@lofdepth=\count96
\c@lotdepth=\count97
\cftbeforelottitleskip=\skip80
\cftafterlottitleskip=\skip81
\cftbeforetabskip=\skip82
\cfttabindent=\skip83
\cfttabnumwidth=\skip84
)
\newnumberwidth=\skip85
\beforebibskip=\skip86
\newchnumberwidth=\skip87
\figurelabelwidth=\skip88
\tablelabelwidth=\skip89

("C:\Program Files\MiKTeX 2.9\tex/latex/footmisc\footmisc.sty"
Package: footmisc 2011/06/06 v5.5b a miscellany of footnote facilities
\FN@temptoken=\toks17
\footnotemargin=\dimen122
\c@pp@next@reset=\count98
Package footmisc Info: Declaring symbol style bringhurst on input line 855.
Package footmisc Info: Declaring symbol style chicago on input line 863.
Package footmisc Info: Declaring symbol style wiley on input line 872.
Package footmisc Info: Declaring symbol style lamport-robust on input line 883.
Package footmisc Info: Declaring symbol style lamport* on input line 903.
Package footmisc Info: Declaring symbol style lamport*-robust on input line 924.
)

Package classicthesis Warning: Using package "footmisc" with option "marginal" for footnote setup (not 100\% the same as
 with KOMA).

("C:\Program Files\MiKTeX 2.9\tex/latex/koma-script\scrtime.sty"
Package: scrtime 2020/04/19 v3.30 KOMA-Script package (time of LaTeX run)
)
("C:\Program Files\MiKTeX 2.9\tex/latex/caption\caption.sty"
Package: caption 2020/01/03 v3.4h Customizing captions (AR)
 ("C:\Program Files\MiKTeX 2.9\tex/latex/caption\caption3.sty"
Package: caption3 2020/01/03 v1.8h caption3 kernel (AR)
Package caption3 Info: TeX engine: e-TeX on input line 61.
\captionmargin=\dimen123
\captionmargin@=\dimen124
\captionwidth=\dimen125
\caption@tempdima=\dimen126
\caption@indent=\dimen127
\caption@parindent=\dimen128
\caption@hangindent=\dimen129
Package caption Info: Standard document class detected.
)
\c@caption@flags=\count99
\c@continuedfloat=\count100
) ("C:\Program Files\MiKTeX 2.9\tex/latex/carlisle\remreset.sty"

Package remreset Warning: The remreset package is obsolete:
(remreset)                \@removefomresset is defined.

) ("C:\Program Files\MiKTeX 2.9\tex/latex/hyperref\hyperref.sty"
Package: hyperref 2019/11/10 v7.00c Hypertext links for LaTeX

("C:\Program Files\MiKTeX 2.9\tex/latex/pdftexcmds\pdftexcmds.sty"
Package: pdftexcmds 2019/11/24 v0.31 Utility functions of pdfTeX for LuaTeX (HO)

("C:\Program Files\MiKTeX 2.9\tex/generic/infwarerr\infwarerr.sty"
Package: infwarerr 2019/12/03 v1.5 Providing info/warning/error messages (HO)
)
Package pdftexcmds Info: \pdf@primitive is available.
Package pdftexcmds Info: \pdf@ifprimitive is available.
Package pdftexcmds Info: \pdfdraftmode found.
)
("C:\Program Files\MiKTeX 2.9\tex/generic/kvdefinekeys\kvdefinekeys.sty"
Package: kvdefinekeys 2019-12-19 v1.6 Define keys (HO)
)
("C:\Program Files\MiKTeX 2.9\tex/generic/pdfescape\pdfescape.sty"
Package: pdfescape 2019/12/09 v1.15 Implements pdfTeX's escape features (HO)
)
("C:\Program Files\MiKTeX 2.9\tex/latex/hycolor\hycolor.sty"
Package: hycolor 2019/12/15 v1.9 Color options for hyperref/bookmark (HO)

("C:\Program Files\MiKTeX 2.9\tex/latex/hycolor\xcolor-patch.sty"
Package: xcolor-patch 2019/12/15 xcolor patch

("C:\Program Files\MiKTeX 2.9\tex/latex/oberdiek\hopatch.sty"
Package: hopatch 2016/05/16 v1.3 Wrapper for package hooks (HO)
)))
("C:\Program Files\MiKTeX 2.9\tex/latex/letltxmacro\letltxmacro.sty"
Package: letltxmacro 2019/12/03 v1.6 Let assignment for LaTeX macros (HO)
)
("C:\Program Files\MiKTeX 2.9\tex/latex/auxhook\auxhook.sty"
Package: auxhook 2019-12-17 v1.6 Hooks for auxiliary files (HO)
)
\@linkdim=\dimen130
\Hy@linkcounter=\count101
\Hy@pagecounter=\count102
 ("C:\Program Files\MiKTeX 2.9\tex/latex/hyperref\pd1enc.def"
File: pd1enc.def 2019/11/10 v7.00c Hyperref: PDFDocEncoding definition (HO)
Now handling font encoding PD1 ...
... no UTF-8 mapping file for font encoding PD1
) ("C:\Program Files\MiKTeX 2.9\tex/generic/intcalc\intcalc.sty"
Package: intcalc 2019/12/15 v1.3 Expandable calculations with integers (HO)
)
("C:\Program Files\MiKTeX 2.9\tex/generic/etexcmds\etexcmds.sty"
Package: etexcmds 2019/12/15 v1.7 Avoid name clashes with e-TeX commands (HO)
)
\Hy@SavedSpaceFactor=\count103

("C:\Program Files\MiKTeX 2.9\tex/latex/00miktex\hyperref.cfg"
File: hyperref.cfg 2002/06/06 v1.2 hyperref configuration of TeXLive
)
Package hyperref Info: Option `hyperfootnotes' set `false' on input line 4409.
Package hyperref Info: Hyper figures OFF on input line 4535.
Package hyperref Info: Link nesting OFF on input line 4540.
Package hyperref Info: Hyper index ON on input line 4543.
Package hyperref Info: Plain pages OFF on input line 4550.
Package hyperref Info: Backreferencing OFF on input line 4555.
Package hyperref Info: Implicit mode ON; LaTeX internals redefined.
Package hyperref Info: Bookmarks ON on input line 4788.
\c@Hy@tempcnt=\count104
 ("C:\Program Files\MiKTeX 2.9\tex/latex/url\url.sty"
\Urlmuskip=\muskip10
Package: url 2013/09/16  ver 3.4  Verb mode for urls, etc.
)
LaTeX Info: Redefining \url on input line 5147.
\XeTeXLinkMargin=\dimen131

("C:\Program Files\MiKTeX 2.9\tex/generic/bitset\bitset.sty"
Package: bitset 2019/12/09 v1.3 Handle bit-vector datatype (HO)

("C:\Program Files\MiKTeX 2.9\tex/generic/bigintcalc\bigintcalc.sty"
Package: bigintcalc 2019/12/15 v1.5 Expandable calculations on big integers (HO)
))
\Fld@menulength=\count105
\Field@Width=\dimen132
\Fld@charsize=\dimen133
Package hyperref Info: Hyper figures OFF on input line 6418.
Package hyperref Info: Link nesting OFF on input line 6423.
Package hyperref Info: Hyper index ON on input line 6426.
Package hyperref Info: backreferencing OFF on input line 6433.
Package hyperref Info: Link coloring OFF on input line 6438.
Package hyperref Info: Link coloring with OCG OFF on input line 6443.
Package hyperref Info: PDF/A mode OFF on input line 6448.
LaTeX Info: Redefining \ref on input line 6488.
LaTeX Info: Redefining \pageref on input line 6492.

("C:\Program Files\MiKTeX 2.9\tex/generic/atbegshi\atbegshi.sty"
Package: atbegshi 2019/12/05 v1.19 At begin shipout hook (HO)
)
\Hy@abspage=\count106
\c@Item=\count107
)
Package hyperref Info: Driver (autodetected): hpdftex.

("C:\Program Files\MiKTeX 2.9\tex/latex/hyperref\hpdftex.def"
File: hpdftex.def 2019/11/10 v7.00c Hyperref driver for pdfTeX

("C:\Program Files\MiKTeX 2.9\tex/latex/atveryend\atveryend.sty"
Package: atveryend 2019-12-11 v1.11 Hooks at the very end of document (HO)
Package atveryend Info: \enddocument detected (standard20110627).
)
\Fld@listcount=\count108
\c@bookmark@seq@number=\count109

("C:\Program Files\MiKTeX 2.9\tex/latex/rerunfilecheck\rerunfilecheck.sty"
Package: rerunfilecheck 2019/12/05 v1.9 Rerun checks for auxiliary files (HO)

("C:\Program Files\MiKTeX 2.9\tex/generic/uniquecounter\uniquecounter.sty"
Package: uniquecounter 2019/12/15 v1.4 Provide unlimited unique counter (HO)
)
Package uniquecounter Info: New unique counter `rerunfilecheck' on input line 286.
)
\Hy@SectionHShift=\skip90
)
Package hyperref Info: Option `colorlinks' set `true' on input line 679.
Package hyperref Info: Option `linktocpage' set `true' on input line 679.
Package hyperref Info: Option `breaklinks' set `true' on input line 679.
)
("C:\Program Files\MiKTeX 2.9\tex/latex/arsclassica\arsclassica.sty"
Package: arsclassica 2017/10/31
Package typearea Info: These are the values describing the layout:
(typearea)             DIV  = areaset
(typearea)             BCOR = 0.0pt
(typearea)             \paperwidth      = 597.50793pt
(typearea)              \textwidth      = 370.0pt
(typearea)              \evensidemargin = 41.48396pt
(typearea)              \oddsidemargin  = 41.48396pt
(typearea)             \paperheight     = 845.04694pt
(typearea)              \textheight     = 696.6498pt
(typearea)              \topmargin      = -51.92102pt
(typearea)              \headheight     = 15.95pt
(typearea)              \headsep        = 21.42006pt
(typearea)              \topskip        = 11.0pt
(typearea)              \footskip       = 49.98015pt
(typearea)              \baselineskip   = 14.28004pt
(typearea)              on input line 17.
LaTeX Info: Redefining \spacedallcaps on input line 48.
LaTeX Info: Redefining \spacedlowsmallcaps on input line 50.
Package hyperref Info: Option `colorlinks' set `true' on input line 184.
Package hyperref Info: Option `linktocpage' set `true' on input line 184.
Package hyperref Info: Option `breaklinks' set `true' on input line 184.
Package hyperref Info: Option `pageanchor' set `true' on input line 184.
Package hyperref Info: Option `plainpages' set `false' on input line 184.
Package hyperref Info: Option `bookmarksnumbered' set `true' on input line 184.
Package hyperref Info: Option `bookmarksopen' set `true' on input line 184.
Package hyperref Info: Option `hypertexnames' set `true' on input line 184.


Package hyperref Warning: Option `hyperfootnotes' has already been used,
(hyperref)                setting the option has no effect on input line 184.


Package hyperref Warning: Option `pdfpagelabels' has already been used,
(hyperref)                setting the option has no effect on input line 184.

) ("C:\Program Files\MiKTeX 2.9\tex/latex/base\fontenc.sty"
Package: fontenc 2018/08/11 v2.0j Standard LaTeX package
 ("C:\Program Files\MiKTeX 2.9\tex/latex/base\t1enc.def"
File: t1enc.def 2018/08/11 v2.0j Standard LaTeX file
LaTeX Font Info:    Redeclaring font encoding T1 on input line 48.
))
("C:\Program Files\MiKTeX 2.9\tex/latex/base\inputenc.sty"
Package: inputenc 2018/08/11 v1.3c Input encoding file
\inpenc@prehook=\toks18
\inpenc@posthook=\toks19
) ("C:\Program Files\MiKTeX 2.9\tex/latex/graphics\graphicx.sty"
Package: graphicx 2017/06/01 v1.1a Enhanced LaTeX Graphics (DPC,SPQR)
 ("C:\Program Files\MiKTeX 2.9\tex/latex/graphics\graphics.sty"
Package: graphics 2019/11/01 v1.3d Standard LaTeX Graphics (DPC,SPQR)

("C:\Program Files\MiKTeX 2.9\tex/latex/graphics\trig.sty"
Package: trig 2016/01/03 v1.10 sin cos tan (DPC)
)
("C:\Program Files\MiKTeX 2.9\tex/latex/graphics-cfg\graphics.cfg"
File: graphics.cfg 2016/06/04 v1.11 sample graphics configuration
)
Package graphics Info: Driver file: pdftex.def on input line 105.
)
\Gin@req@height=\dimen134
\Gin@req@width=\dimen135
)
("C:\Program Files\MiKTeX 2.9\tex/latex/enumitem\enumitem.sty"
Package: enumitem 2019/06/20 v3.9 Customized lists
\labelindent=\skip91
\enit@outerparindent=\dimen136
\enit@toks=\toks20
\enit@inbox=\box28
\enit@count@id=\count110
\enitdp@description=\count111
) ("C:\Program Files\MiKTeX 2.9\tex/latex/lipsum\lipsum.sty" ("C:\Program Files\MiKTeX 2.9\tex/latex/l3kernel\expl3.sty"
Package: expl3 2020-01-12 L3 programming layer (loader) 

("C:\Program Files\MiKTeX 2.9\tex/latex/l3kernel\expl3-code.tex"
Package: expl3 2020-01-12 L3 programming layer (code)
\c_max_int=\count112
\l_tmpa_int=\count113
\l_tmpb_int=\count114
\g_tmpa_int=\count115
\g_tmpb_int=\count116
\l__seq_internal_a_int=\count117
\l__seq_internal_b_int=\count118
\g__kernel_prg_map_int=\count119
\c__ior_term_noprompt_ior=\count120
\c_log_iow=\count121
\l_iow_line_count_int=\count122
\l__iow_line_target_int=\count123
\l__iow_one_indent_int=\count124
\l__iow_indent_int=\count125
\c_zero_dim=\dimen137
\c_max_dim=\dimen138
\l_tmpa_dim=\dimen139
\l_tmpb_dim=\dimen140
\g_tmpa_dim=\dimen141
\g_tmpb_dim=\dimen142
\c_zero_skip=\skip92
\c_max_skip=\skip93
\l_tmpa_skip=\skip94
\l_tmpb_skip=\skip95
\g_tmpa_skip=\skip96
\g_tmpb_skip=\skip97
\c_zero_muskip=\muskip11
\c_max_muskip=\muskip12
\l_tmpa_muskip=\muskip13
\l_tmpb_muskip=\muskip14
\g_tmpa_muskip=\muskip15
\g_tmpb_muskip=\muskip16
\l_keys_choice_int=\count126
\l__intarray_loop_int=\count127
\c__intarray_sp_dim=\dimen143
\g__intarray_font_int=\count128
\c__fp_leading_shift_int=\count129
\c__fp_middle_shift_int=\count130
\c__fp_trailing_shift_int=\count131
\c__fp_big_leading_shift_int=\count132
\c__fp_big_middle_shift_int=\count133
\c__fp_big_trailing_shift_int=\count134
\c__fp_Bigg_leading_shift_int=\count135
\c__fp_Bigg_middle_shift_int=\count136
\c__fp_Bigg_trailing_shift_int=\count137
\c__kernel_randint_max_int=\count138
\g__fp_array_int=\count139
\l__fp_array_loop_int=\count140
\l__sort_length_int=\count141
\l__sort_min_int=\count142
\l__sort_top_int=\count143
\l__sort_max_int=\count144
\l__sort_true_max_int=\count145
\l__sort_block_int=\count146
\l__sort_begin_int=\count147
\l__sort_end_int=\count148
\l__sort_A_int=\count149
\l__sort_B_int=\count150
\l__sort_C_int=\count151
\l__str_internal_int=\count152
\c__str_replacement_char_int=\count153
\l__tl_analysis_normal_int=\count154
\l__tl_analysis_index_int=\count155
\l__tl_analysis_nesting_int=\count156
\l__tl_analysis_type_int=\count157
\l__regex_internal_a_int=\count158
\l__regex_internal_b_int=\count159
\l__regex_internal_c_int=\count160
\l__regex_balance_int=\count161
\l__regex_group_level_int=\count162
\l__regex_mode_int=\count163
\c__regex_cs_in_class_mode_int=\count164
\c__regex_cs_mode_int=\count165
\l__regex_catcodes_int=\count166
\l__regex_default_catcodes_int=\count167
\c__regex_catcode_D_int=\count168
\c__regex_catcode_S_int=\count169
\c__regex_catcode_L_int=\count170
\c__regex_catcode_O_int=\count171
\c__regex_catcode_A_int=\count172
\c__regex_all_catcodes_int=\count173
\l__regex_show_lines_int=\count174
\l__regex_min_state_int=\count175
\l__regex_max_state_int=\count176
\l__regex_left_state_int=\count177
\l__regex_right_state_int=\count178
\l__regex_capturing_group_int=\count179
\l__regex_min_pos_int=\count180
\l__regex_max_pos_int=\count181
\l__regex_curr_pos_int=\count182
\l__regex_start_pos_int=\count183
\l__regex_success_pos_int=\count184
\l__regex_curr_char_int=\count185
\l__regex_curr_catcode_int=\count186
\l__regex_last_char_int=\count187
\l__regex_case_changed_char_int=\count188
\l__regex_curr_state_int=\count189
\l__regex_step_int=\count190
\l__regex_min_active_int=\count191
\l__regex_max_active_int=\count192
\l__regex_replacement_csnames_int=\count193
\l__regex_match_count_int=\count194
\l__regex_min_submatch_int=\count195
\l__regex_submatch_int=\count196
\l__regex_zeroth_submatch_int=\count197
\g__regex_trace_regex_int=\count198
\c_empty_box=\box29
\l_tmpa_box=\box30
\l_tmpb_box=\box31
\g_tmpa_box=\box32
\g_tmpb_box=\box33
\l__box_top_dim=\dimen144
\l__box_bottom_dim=\dimen145
\l__box_left_dim=\dimen146
\l__box_right_dim=\dimen147
\l__box_top_new_dim=\dimen148
\l__box_bottom_new_dim=\dimen149
\l__box_left_new_dim=\dimen150
\l__box_right_new_dim=\dimen151
\l__box_internal_box=\box34
\l__coffin_internal_box=\box35
\l__coffin_internal_dim=\dimen152
\l__coffin_offset_x_dim=\dimen153
\l__coffin_offset_y_dim=\dimen154
\l__coffin_x_dim=\dimen155
\l__coffin_y_dim=\dimen156
\l__coffin_x_prime_dim=\dimen157
\l__coffin_y_prime_dim=\dimen158
\c_empty_coffin=\box36
\l__coffin_aligned_coffin=\box37
\l__coffin_aligned_internal_coffin=\box38
\l_tmpa_coffin=\box39
\l_tmpb_coffin=\box40
\g_tmpa_coffin=\box41
\g_tmpb_coffin=\box42
\l__coffin_bounding_shift_dim=\dimen159
\l__coffin_left_corner_dim=\dimen160
\l__coffin_right_corner_dim=\dimen161
\l__coffin_bottom_corner_dim=\dimen162
\l__coffin_top_corner_dim=\dimen163
\l__coffin_scaled_total_height_dim=\dimen164
\l__coffin_scaled_width_dim=\dimen165
\c__coffin_empty_coffin=\box43
\l__coffin_display_coffin=\box44
\l__coffin_display_coord_coffin=\box45
\l__coffin_display_pole_coffin=\box46
\l__coffin_display_offset_dim=\dimen166
\l__coffin_display_x_dim=\dimen167
\l__coffin_display_y_dim=\dimen168
\g__char_data_ior=\read1

("C:\Program Files\MiKTeX 2.9\tex/latex/l3kernel\l3deprecation.def"
File: l3deprecation.def 2019-04-06 v L3 Deprecated functions
))
("C:\Program Files\MiKTeX 2.9\tex/latex/l3backend\l3backend-pdfmode.def"
File: l3backend-pdfmode.def 2019-04-06 L3 backend support: PDF mode
\l__kernel_color_stack_int=\count199
\l__pdf_internal_box=\box47
))
("C:\Program Files\MiKTeX 2.9\tex/latex/l3packages/xparse\xparse.sty"
Package: xparse 2020-01-12 L3 Experimental document command parser
\l__xparse_current_arg_int=\count266
\g__xparse_grabber_int=\count267
\l__xparse_m_args_int=\count268
\l__xparse_v_nesting_int=\count269
)
Package: lipsum 2019/01/02 v2.2 150 paragraphs of Lorem Ipsum dummy text

("C:\Program Files\MiKTeX 2.9\tex/latex/lipsum\lipsum.ltd.tex"
File: lipsum.ltd.tex 2019/01/02 v2.2 The Lorem ipsum dummy text
)) (subfig.sty
Package: subfig 2005/06/28 ver: 1.3 subfig package
\c@KVtest=\count270
\sf@farskip=\skip98
\sf@captopadj=\dimen169
\sf@capskip=\skip99
\sf@nearskip=\skip100
\c@subfigure=\count271
\c@subfigure@save=\count272
\c@subtable=\count273
\c@subtable@save=\count274
\sf@top=\skip101
\sf@bottom=\skip102
)
("C:\Program Files\MiKTeX 2.9\tex/latex/amsmath\amsmath.sty"
Package: amsmath 2019/11/16 v2.17d AMS math features
\@mathmargin=\skip103

For additional information on amsmath, use the `?' option.
("C:\Program Files\MiKTeX 2.9\tex/latex/amsmath\amstext.sty"
Package: amstext 2000/06/29 v2.01 AMS text
 ("C:\Program Files\MiKTeX 2.9\tex/latex/amsmath\amsgen.sty"
File: amsgen.sty 1999/11/30 v2.0 generic functions
\@emptytoks=\toks21
\ex@=\dimen170
)) ("C:\Program Files\MiKTeX 2.9\tex/latex/amsmath\amsbsy.sty"
Package: amsbsy 1999/11/29 v1.2d Bold Symbols
\pmbraise@=\dimen171
)
("C:\Program Files\MiKTeX 2.9\tex/latex/amsmath\amsopn.sty"
Package: amsopn 2016/03/08 v2.02 operator names
)
\inf@bad=\count275
LaTeX Info: Redefining \frac on input line 227.
\uproot@=\count276
\leftroot@=\count277
LaTeX Info: Redefining \overline on input line 389.
\classnum@=\count278
\DOTSCASE@=\count279
LaTeX Info: Redefining \ldots on input line 486.
LaTeX Info: Redefining \dots on input line 489.
LaTeX Info: Redefining \cdots on input line 610.
\Mathstrutbox@=\box48
\strutbox@=\box49
\big@size=\dimen172
LaTeX Font Info:    Redeclaring font encoding OML on input line 733.
LaTeX Font Info:    Redeclaring font encoding OMS on input line 734.
\macc@depth=\count280
\c@MaxMatrixCols=\count281
\dotsspace@=\muskip17
\c@parentequation=\count282
\dspbrk@lvl=\count283
\tag@help=\toks22
\row@=\count284
\column@=\count285
\maxfields@=\count286
\andhelp@=\toks23
\eqnshift@=\dimen173
\alignsep@=\dimen174
\tagshift@=\dimen175
\tagwidth@=\dimen176
\totwidth@=\dimen177
\lineht@=\dimen178
\@envbody=\toks24
\multlinegap=\skip104
\multlinetaggap=\skip105
\mathdisplay@stack=\toks25
LaTeX Info: Redefining \[ on input line 2858.
LaTeX Info: Redefining \] on input line 2859.
)
("C:\Program Files\MiKTeX 2.9\tex/latex/amsfonts\amssymb.sty"
Package: amssymb 2013/01/14 v3.01 AMS font symbols

("C:\Program Files\MiKTeX 2.9\tex/latex/amsfonts\amsfonts.sty"
Package: amsfonts 2013/01/14 v3.01 Basic AMSFonts support
\symAMSa=\mathgroup5
\symAMSb=\mathgroup6
LaTeX Font Info:    Redeclaring math symbol \hbar on input line 98.
LaTeX Font Info:    Overwriting math alphabet `\mathfrak' in version `bold'
(Font)                  U/euf/m/n --> U/euf/b/n on input line 106.
))
("C:\Program Files\MiKTeX 2.9\tex/latex/amscls\amsthm.sty"
Package: amsthm 2017/10/31 v2.20.4
\thm@style=\toks26
\thm@bodyfont=\toks27
\thm@headfont=\toks28
\thm@notefont=\toks29
\thm@headpunct=\toks30
\thm@preskip=\skip106
\thm@postskip=\skip107
\thm@headsep=\skip108
\dth@everypar=\toks31
) ("C:\Program Files\MiKTeX 2.9\tex/latex/tools\varioref.sty"
Package: varioref 2019/11/05 v1.6c package for extended references (FMi)
\c@vrcnt=\count287
) ("C:\Program Files\MiKTeX 2.9\tex/latex/listings\listings.sty"
\lst@mode=\count288
\lst@gtempboxa=\box50
\lst@token=\toks32
\lst@length=\count289
\lst@currlwidth=\dimen179
\lst@column=\count290
\lst@pos=\count291
\lst@lostspace=\dimen180
\lst@width=\dimen181
\lst@newlines=\count292
\lst@lineno=\count293
\lst@maxwidth=\dimen182

("C:\Program Files\MiKTeX 2.9\tex/latex/listings\lstmisc.sty"
File: lstmisc.sty 2020/03/24 1.8d (Carsten Heinz)
\c@lstnumber=\count294
\lst@skipnumbers=\count295
\lst@framebox=\box51
)
("C:\Program Files\MiKTeX 2.9\tex/latex/listings\listings.cfg"
File: listings.cfg 2020/03/24 1.8d listings configuration
))
Package: listings 2020/03/24 1.8d (Carsten Heinz)

("C:\Program Files\MiKTeX 2.9\tex/latex/epstopdf-pkg\epstopdf.sty"
Package: epstopdf 2019-12-09 v2.10 Conversion with epstopdf on the fly (HO)

("C:\Program Files\MiKTeX 2.9\tex/latex/grfext\grfext.sty"
Package: grfext 2019/12/03 v1.3 Manage graphics extensions (HO)
)
("C:\Program Files\MiKTeX 2.9\tex/latex/epstopdf-pkg\epstopdf-base.sty"
Package: epstopdf-base 2019-12-09 v2.10 Base part for package epstopdf
Package epstopdf-base Info: Redefining graphics rule for `.eps' on input line 485.
Package grfext Info: Graphics extension search list:
(grfext)             [.pdf,.png,.jpg,.mps,.jpeg,.jbig2,.jb2,.PDF,.PNG,.JPG,.JPEG,.JBIG2,.JB2,.eps]
(grfext)             \AppendGraphicsExtensions on input line 504.
)) (natbib.sty
Package: natbib 2006/09/06 7.4a (PWD)
\bibhang=\skip109
\bibsep=\skip110
LaTeX Info: Redefining \cite on input line 541.
\c@NAT@ctr=\count296
)
("C:\Program Files\MiKTeX 2.9\tex/latex/float\float.sty"
Package: float 2001/11/08 v1.3d Float enhancements (AL)
\c@float@type=\count297
\float@exts=\toks33
\float@box=\box52
\@float@everytoks=\toks34
\@floatcapt=\box53
) ("C:\Program Files\MiKTeX 2.9\tex/latex/chngcntr\chngcntr.sty"
Package: chngcntr 2018/04/09 v1.1a change counter resetting
Package chngcntr Info: \counterwithout already defined.
(chngcntr)             Quitting chngcntr on input line 21.
) ("C:\Program Files\MiKTeX 2.9\tex/latex/nomencl\nomencl.sty"
Package: nomencl 2020/03/01 v5.4 Nomenclature package

("C:\Program Files\MiKTeX 2.9\tex/latex/xkeyval\xkeyval.sty"
Package: xkeyval 2014/12/03 v2.7a package option processing (HA)

("C:\Program Files\MiKTeX 2.9\tex/generic/xkeyval\xkeyval.tex"
("C:\Program Files\MiKTeX 2.9\tex/generic/xkeyval\xkvutils.tex"
\XKV@toks=\toks35
\XKV@tempa@toks=\toks36
)
\XKV@depth=\count298
File: xkeyval.tex 2014/12/03 v2.7a key=value parser (HA)
))
("C:\Program Files\MiKTeX 2.9\tex/latex/koma-script\tocbasic.sty"
Package: tocbasic 2020/04/19 v3.30 KOMA-Script package (handling toc-files)
\scr@dte@tocline@numberwidth=\skip111
\scr@dte@tocline@numbox=\box54
)
Package tocbasic Info: setting babel extension for `nlo' on input line 179.
Package tocbasic Info: setting babel extension for `nls' on input line 180.
\nomlabelwidth=\dimen183
\nom@tempdim=\dimen184
\nomitemsep=\skip112
)
\@nomenclaturefile=\write3
\openout3 = `Main.nlo'.

Package nomencl Info: Writing nomenclature file Main.nlo on input line 66.
\c@definition=\count299
\c@theorem=\count300
Package hyperref Info: Option `colorlinks' set `true' on input line 113.
Package hyperref Info: Option `breaklinks' set `true' on input line 113.


Package hyperref Warning: Option `bookmarks' has already been used,
(hyperref)                setting the option has no effect on input line 113.

Package hyperref Info: Option `bookmarksnumbered' set `true' on input line 113.
("C:\Program Files\MiKTeX 2.9\tex/latex/appendix\appendix.sty"
Package: appendix 2020/02/08 v1.2c extra appendix facilities
\c@@pps=\count301
\c@@ppsavesec=\count302
\c@@ppsaveapp=\count303
))
("C:\Program Files\MiKTeX 2.9\tex/latex/geometry\geometry.sty"
Package: geometry 2020/01/02 v5.9 Page Geometry
 ("C:\Program Files\MiKTeX 2.9\tex/generic/iftex\ifvtex.sty"
Package: ifvtex 2019/10/25 v1.7 ifvtex legacy package. Use iftex instead.
)
\Gm@cnth=\count304
\Gm@cntv=\count305
\c@Gm@tempcnt=\count306
\Gm@bindingoffset=\dimen185
\Gm@wd@mp=\dimen186
\Gm@odd@mp=\dimen187
\Gm@even@mp=\dimen188
\Gm@layoutwidth=\dimen189
\Gm@layoutheight=\dimen190
\Gm@layouthoffset=\dimen191
\Gm@layoutvoffset=\dimen192
\Gm@dimlist=\toks37
 ("C:\Program Files\MiKTeX 2.9\tex/latex/geometry\geometry.cfg"))

LaTeX Warning: Unused global option(s):
    [BCOR5mm].

(Main.aux)
\openout1 = `Main.aux'.

LaTeX Font Info:    Checking defaults for OML/cmm/m/it on input line 39.
LaTeX Font Info:    ... okay on input line 39.
LaTeX Font Info:    Checking defaults for T1/cmr/m/n on input line 39.
LaTeX Font Info:    ... okay on input line 39.
LaTeX Font Info:    Checking defaults for OT1/cmr/m/n on input line 39.
LaTeX Font Info:    ... okay on input line 39.
LaTeX Font Info:    Checking defaults for OMS/cmsy/m/n on input line 39.
LaTeX Font Info:    ... okay on input line 39.
LaTeX Font Info:    Checking defaults for OMX/cmex/m/n on input line 39.
LaTeX Font Info:    ... okay on input line 39.
LaTeX Font Info:    Checking defaults for U/cmr/m/n on input line 39.
LaTeX Font Info:    ... okay on input line 39.
LaTeX Font Info:    Checking defaults for PD1/pdf/m/n on input line 39.
LaTeX Font Info:    ... okay on input line 39.
 ("C:\Program Files\MiKTeX 2.9\tex/context/base/mkii\supp-pdf.mkii"
[Loading MPS to PDF converter (version 2006.09.02).]
\scratchcounter=\count307
\scratchdimen=\dimen193
\scratchbox=\box55
\nofMPsegments=\count308
\nofMParguments=\count309
\everyMPshowfont=\toks38
\MPscratchCnt=\count310
\MPscratchDim=\dimen194
\MPnumerator=\count311
\makeMPintoPDFobject=\count312
\everyMPtoPDFconversion=\toks39
)
LaTeX Info: Redefining \microtypecontext on input line 39.
Package microtype Info: Generating PDF output.
Package microtype Info: Character protrusion enabled (level 2).
Package microtype Info: Using default protrusion set `alltext'.
Package microtype Info: No font expansion.
Package microtype Info: No adjustment of tracking.
Package microtype Info: No adjustment of interword spacing.
Package microtype Info: No adjustment of character kerning.
 ("C:\Program Files\MiKTeX 2.9\tex/latex/microtype\mt-ppl.cfg"
File: mt-ppl.cfg 2005/11/16 v1.6 microtype config. file: Palatino (RS)
)
Package caption Info: Begin \AtBeginDocument code.
Package caption Info: subfig package v1.3 is loaded.
Package caption Info: float package is loaded.
Package caption Info: hyperref package is loaded.
Package caption Info: listings package is loaded.
Package caption Info: End \AtBeginDocument code.
\AtBeginShipoutBox=\box56
Package hyperref Info: Link coloring ON on input line 39.

("C:\Program Files\MiKTeX 2.9\tex/latex/hyperref\nameref.sty"
Package: nameref 2019/09/16 v2.46 Cross-referencing by name of section

("C:\Program Files\MiKTeX 2.9\tex/latex/refcount\refcount.sty"
Package: refcount 2019/12/15 v3.6 Data extraction from label references (HO)
)
("C:\Program Files\MiKTeX 2.9\tex/generic/gettitlestring\gettitlestring.sty"
Package: gettitlestring 2019/12/15 v1.6 Cleanup title references (HO)
)
\c@section@level=\count313
LaTeX Info: Redefining \Ref on input line 520.
)
LaTeX Info: Redefining \ref on input line 39.
LaTeX Info: Redefining \pageref on input line 39.
LaTeX Info: Redefining \nameref on input line 39.
 (Main.out) (Main.out)
\@outlinefile=\write4
\openout4 = `Main.out'.

LaTeX Info: Redefining \Ref on input line 39.
\c@lstlisting=\count314

*geometry* driver: auto-detecting
*geometry* detected driver: pdftex
*geometry* verbose mode - [ preamble ] result:
* driver: pdftex
* paper: a4paper
* layout: <same size as paper>
* layoutoffset:(h,v)=(0.0pt,0.0pt)
* modes: 
* h-part:(L,W,R)=(56.9055pt, 483.69687pt, 56.9055pt)
* v-part:(T,H,B)=(56.9055pt, 731.23584pt, 56.9055pt)
* \paperwidth=597.50787pt
* \paperheight=845.04684pt
* \textwidth=483.69687pt
* \textheight=731.23584pt
* \oddsidemargin=-15.36449pt
* \evensidemargin=-15.36449pt
* \topmargin=-52.73454pt
* \headheight=15.95pt
* \headsep=21.42006pt
* \topskip=11.0pt
* \footskip=49.98015pt
* \marginparwidth=75.83597pt
* \marginparsep=12.8401pt
* \columnsep=10.0pt
* \skip\footins=10.0pt plus 4.0pt minus 2.0pt
* \hoffset=0.0pt
* \voffset=0.0pt
* \mag=1000
* \@twocolumnfalse
* \@twosidefalse
* \@mparswitchfalse
* \@reversemarginfalse
* (1in=72.27pt=25.4mm, 1cm=28.453pt)

Package epstopdf Info: Source file: <Figures/AUfront.eps>
(epstopdf)                    date: 2020-02-19 14:28:56
(epstopdf)                    size: 6913 bytes
(epstopdf)             Output file: <Figures/AUfront-eps-converted-to.pdf>
(epstopdf)                    date: 2020-02-19 14:28:56
(epstopdf)                    size: 4464 bytes
(epstopdf)             Command: <epstopdf --outfile=Figures/AUfront-eps-converted-to.pdf Figures/AUfront.eps>
(epstopdf)             \includegraphics on input line 53.
Package epstopdf Info: Output file is already uptodate.
<Figures/AUfront-eps-converted-to.pdf, id=23, 1198.4775pt x 301.125pt>
File: Figures/AUfront-eps-converted-to.pdf Graphic file (type pdf)
<use Figures/AUfront-eps-converted-to.pdf>
Package pdftex.def Info: Figures/AUfront-eps-converted-to.pdf  used on input line 53.
(pdftex.def)             Requested size: 478.00812pt x 120.09865pt.
Package epstopdf Info: Source file: <Figures/AUlogo1.eps>
(epstopdf)                    date: 2020-02-19 14:28:56
(epstopdf)                    size: 14527 bytes
(epstopdf)             Output file: <Figures/AUlogo1-eps-converted-to.pdf>
(epstopdf)                    date: 2020-02-19 14:28:56
(epstopdf)                    size: 6799 bytes
(epstopdf)             Command: <epstopdf --outfile=Figures/AUlogo1-eps-converted-to.pdf Figures/AUlogo1.eps>
(epstopdf)             \includegraphics on input line 92.
Package epstopdf Info: Output file is already uptodate.
<Figures/AUlogo1-eps-converted-to.pdf, id=24, 582.175pt x 124.465pt>
File: Figures/AUlogo1-eps-converted-to.pdf Graphic file (type pdf)
<use Figures/AUlogo1-eps-converted-to.pdf>
Package pdftex.def Info: Figures/AUlogo1-eps-converted-to.pdf  used on input line 92.
(pdftex.def)             Requested size: 209.1314pt x 44.7105pt.
[1

{C:/Users/34620/AppData/Local/MiKTeX/2.9/pdftex/config/pdftex.map} <./Figures/AUfront-eps-converted-to.pdf> <./Figures/A
Ulogo1-eps-converted-to.pdf>]
LaTeX Font Info:    Trying to load font information for T1+iwona on input line 97.
 ("C:\Program Files\MiKTeX 2.9\tex/latex/iwona\t1iwona.fd"
File: t1iwona.fd 2008/07/22 v0.995 font definition file for T1/iwona (MW)
)
Package microtype Info: Loading generic protrusion settings for font family
(microtype)             `iwona' (encoding: T1).
(microtype)             For optimal results, create family-specific settings.
(microtype)             See the microtype manual for details.
LaTeX Font Info:    Trying to load font information for U+zeur on input line 97.

("C:\Program Files\MiKTeX 2.9\tex/latex/eulervm\uzeur.fd"
File: uzeur.fd 2005/01/11 v4.0 (WaS)
) ("C:\Program Files\MiKTeX 2.9\tex/latex/microtype\mt-eur.cfg"
File: mt-eur.cfg 2006/07/31 v1.1 microtype config. file: AMS Euler Roman (RS)
)
LaTeX Font Info:    Trying to load font information for U+zeus on input line 97.
 ("C:\Program Files\MiKTeX 2.9\tex/latex/eulervm\uzeus.fd"
File: uzeus.fd 2005/01/11 v4.0 (WaS)
) ("C:\Program Files\MiKTeX 2.9\tex/latex/microtype\mt-eus.cfg"
File: mt-eus.cfg 2006/07/28 v1.2 microtype config. file: AMS Euler Script (RS)
)
LaTeX Font Info:    Trying to load font information for U+zeuex on input line 97.
 ("C:\Program Files\MiKTeX 2.9\tex/latex/eulervm\uzeuex.fd"
File: uzeuex.fd 2005/01/11 v4.0 (WaS)
)
LaTeX Font Info:    Trying to load font information for OT1+zplm on input line 97.
 ("C:\Program Files\MiKTeX 2.9\tex/latex/psnfss\ot1zplm.fd"
File: ot1zplm.fd 2002/09/08 Fontinst v1.914 font definitions for OT1/zplm.
)
Package microtype Info: Loading generic protrusion settings for font family
(microtype)             `zplm' (encoding: OT1).
(microtype)             For optimal results, create family-specific settings.
(microtype)             See the microtype manual for details.
 ("C:\Program Files\MiKTeX 2.9\tex/latex/microtype\mt-msa.cfg"
File: mt-msa.cfg 2006/02/04 v1.1 microtype config. file: AMS symbols (a) (RS)
)
("C:\Program Files\MiKTeX 2.9\tex/latex/microtype\mt-msb.cfg"
File: mt-msb.cfg 2005/06/01 v1.0 microtype config. file: AMS symbols (b) (RS)
) (Abstract.tex)pdfTeX warning (ext4): destination with the same identifier (name{page.1}) has been already used, duplic
ate ignored
<to be read again> 
                   \relax 
l.99 \newpage
              % Start the article content on the second page, remove this if... [1] (Main.toc
LaTeX Font Info:    Font shape `T1/pplj/bx/n' in size <10.95> not available
(Font)              Font shape `T1/pplj/b/n' tried instead on input line 1.
)
\tf@toc=\write5
\openout5 = `Main.toc'.

 [2

] (Main.lof)
\tf@lof=\write6
\openout6 = `Main.lof'.

 [3

]
(Main.lot)
\tf@lot=\write7
\openout7 = `Main.lot'.

 [4

]
Chapter 1.
(Introduction.tex
<Figures/WindTurbine.png, id=66, 497.60907pt x 331.2375pt>
File: Figures/WindTurbine.png Graphic file (type png)
<use Figures/WindTurbine.png>
Package pdftex.def Info: Figures/WindTurbine.png  used on input line 7.
(pdftex.def)             Requested size: 241.84843pt x 160.98862pt.
LaTeX Font Info:    Font shape `T1/iwona/bx/n' in size <10> not available
(Font)              Font shape `T1/iwona/b/n' tried instead on input line 8.
) [5

 <./Figures/WindTurbine.png>]
Chapter 2.
(Modelling.tex) [6

]
Chapter 3.
(Results.tex) [7

]
Chapter 4.
(Conclusion.tex) (Main.bbl [8

]) [9

]
LaTeX Font Info:    Font shape `T1/pplj/bx/n' in size <24.88> not available
(Font)              Font shape `T1/pplj/b/n' tried instead on input line 149.
 [10

]
Appendix A.
(Appendix.tex) [11

]
Package atveryend Info: Empty hook `BeforeClearDocument' on input line 153.
Package atveryend Info: Empty hook `AfterLastShipout' on input line 153.
 (Main.aux)
Package atveryend Info: Executing hook `AtVeryEndDocument' on input line 153.
Package atveryend Info: Executing hook `AtEndAfterFileList' on input line 153.
Package rerunfilecheck Info: File `Main.out' has not changed.
(rerunfilecheck)             Checksum: BEA54955AFC12C95463BC2A62CB45303;227.
Package atveryend Info: Empty hook `AtVeryVeryEnd' on input line 153.
 ) 
Here is how much of TeX's memory you used:
 27292 strings out of 492482
 499778 string characters out of 3131026
 764223 words of memory out of 3000000
 31197 multiletter control sequences out of 15000+200000
 597473 words of font info for 100 fonts, out of 3000000 for 9000
 1143 hyphenation exceptions out of 8191
 58i,22n,82p,409b,482s stack positions out of 5000i,500n,10000p,200000b,50000s
{C:/Program Files/MiKTeX 2.9/fonts/enc/dvips/iwona/ec-iwona.enc}{C:/Program Files/MiKTeX 2.9/fonts/enc/dvips/base/8r.e
nc}{C:/Program Files/MiKTeX 2.9/fonts/enc/dvips/iwona/ec-iwona-sc.enc}<C:/Program Files/MiKTeX 2.9/fonts/type1/public/fp
l/fplbj8a.pfb><C:/Program Files/MiKTeX 2.9/fonts/type1/public/fpl/fplrc8a.pfb><C:/Program Files/MiKTeX 2.9/fonts/type1/n
owacki/iwona/iwonab.pfb><C:/Program Files/MiKTeX 2.9/fonts/type1/nowacki/iwona/iwonar.pfb><C:/Program Files/MiKTeX 2.9/f
onts/type1/urw/palatino/uplb8a.pfb><C:/Program Files/MiKTeX 2.9/fonts/type1/urw/palatino/uplr8a.pfb>
Output written on Main.pdf (12 pages, 620202 bytes).
PDF statistics:
 132 PDF objects out of 1000 (max. 8388607)
 23 named destinations out of 1000 (max. 500000)
 12856 words of extra memory for PDF output out of 14400 (max. 10000000)

